<?xml version="1.0" encoding="UTF-8"?>
<testng-results skipped="0" failed="0" total="2" passed="2">
  <reporter-output>
  </reporter-output>
  <suite name="Suite1" duration-ms="123" started-at="2016-02-28T07:00:27Z" finished-at="2016-02-28T07:00:27Z">
    <groups>
    </groups>
    <test name="webmavenDemo" duration-ms="123" started-at="2016-02-28T07:00:27Z" finished-at="2016-02-28T07:00:27Z">
      <class name="com.cxb.webDemo1">
        <test-method status="PASS" signature="case1()[pri:0, instance:com.cxb.webDemo1@170c109]" name="case1" duration-ms="47" started-at="2016-02-28T15:00:27Z" finished-at="2016-02-28T15:00:27Z">
          <reporter-output>
          </reporter-output>
        </test-method> <!-- case1 -->
        <test-method status="PASS" signature="case2()[pri:0, instance:com.cxb.webDemo1@170c109]" name="case2" duration-ms="2" started-at="2016-02-28T15:00:27Z" finished-at="2016-02-28T15:00:27Z">
          <reporter-output>
          </reporter-output>
        </test-method> <!-- case2 -->
      </class> <!-- com.cxb.webDemo1 -->
    </test> <!-- webmavenDemo -->
  </suite> <!-- Suite1 -->
</testng-results>
