<?xml version="1.0" encoding="UTF-8"?>
<testng-results skipped="0" failed="0" total="3" passed="3">
  <reporter-output>
  </reporter-output>
  <suite name="Suite1" duration-ms="17" started-at="2016-03-01T09:17:04Z" finished-at="2016-03-01T09:17:04Z">
    <groups>
    </groups>
    <test name="webmavenDemo" duration-ms="17" started-at="2016-03-01T09:17:04Z" finished-at="2016-03-01T09:17:04Z">
      <class name="com.cxb.webDemo1">
        <test-method status="PASS" signature="case1()[pri:0, instance:com.cxb.webDemo1@e1ccdf]" name="case1" duration-ms="5" started-at="2016-03-01T17:17:04Z" finished-at="2016-03-01T17:17:04Z">
          <reporter-output>
          </reporter-output>
        </test-method> <!-- case1 -->
        <test-method status="PASS" signature="case3()[pri:0, instance:com.cxb.webDemo1@e1ccdf]" name="case3" duration-ms="0" started-at="2016-03-01T17:17:04Z" finished-at="2016-03-01T17:17:04Z">
          <reporter-output>
          </reporter-output>
        </test-method> <!-- case3 -->
        <test-method status="PASS" signature="case2()[pri:0, instance:com.cxb.webDemo1@e1ccdf]" name="case2" duration-ms="0" started-at="2016-03-01T17:17:04Z" finished-at="2016-03-01T17:17:04Z">
          <reporter-output>
          </reporter-output>
        </test-method> <!-- case2 -->
      </class> <!-- com.cxb.webDemo1 -->
    </test> <!-- webmavenDemo -->
  </suite> <!-- Suite1 -->
</testng-results>
